\BOOKMARK [1][-]{figure.caption.2}{\376\377\144\130\211\201}{}% 1
\BOOKMARK [1][-]{section.1}{\376\377\166\356\150\007\173\200\116\313}{}% 2
\BOOKMARK [2][-]{subsection.1.1}{\376\377\145\160\143\156\162\054\123\326}{section.1}% 3
\BOOKMARK [2][-]{subsection.1.2}{\376\377\145\160\143\156\122\006\147\220\123\357\211\306\123\026}{section.1}% 4
\BOOKMARK [2][-]{subsection.1.3}{\376\377\217\320\210\114\163\257\130\203}{section.1}% 5
\BOOKMARK [1][-]{section.2}{\376\377\145\160\143\156\162\054\123\326}{}% 6
\BOOKMARK [2][-]{subsection.2.1}{\376\377\162\054\123\326\133\371\214\141}{section.2}% 7
\BOOKMARK [2][-]{subsection.2.2}{\376\377\162\054\206\153\133\236\163\260}{section.2}% 8
\BOOKMARK [2][-]{subsection.2.3}{\376\377\145\160\143\156\221\307\226\306\176\323\147\234}{section.2}% 9
\BOOKMARK [1][-]{section.3}{\376\377\145\160\143\156\230\204\131\004\164\006}{}% 10
\BOOKMARK [2][-]{subsection.3.1}{\376\377\145\160\143\156\123\273\221\315\116\016\150\074\137\017\217\154\143\142}{section.3}% 11
\BOOKMARK [2][-]{subsection.3.2}{\376\377\145\207\147\054\121\205\133\271\156\005\155\027}{section.3}% 12
\BOOKMARK [1][-]{section.4}{\376\377\145\160\143\156\122\006\147\220\116\016\123\357\211\306\123\026}{}% 13
\BOOKMARK [2][-]{subsection.4.1}{\376\377\220\020\136\164\123\321\137\256\160\355\122\233\126\376}{section.4}% 14
\BOOKMARK [2][-]{subsection.4.2}{\376\377\217\154\215\136\213\304\123\330\123\026}{section.4}% 15
\BOOKMARK [2][-]{subsection.4.3}{\376\377\123\321\137\256\145\366\225\364\176\337\213\241}{section.4}% 16
\BOOKMARK [3][-]{subsubsection.4.3.1}{\376\377\220\020\136\164\176\337\213\241}{subsection.4.3}% 17
\BOOKMARK [3][-]{subsubsection.4.3.2}{\376\377\153\317\136\164\220\020\147\010\176\337\213\241}{subsection.4.3}% 18
\BOOKMARK [3][-]{subsubsection.4.3.3}{\376\377\153\317\147\010\220\020\131\051\176\337\213\241}{subsection.4.3}% 19
\BOOKMARK [3][-]{subsubsection.4.3.4}{\376\377\153\317\124\150\220\020\131\051\176\337\213\241}{subsection.4.3}% 20
\BOOKMARK [3][-]{subsubsection.4.3.5}{\376\377\153\317\131\051\220\020\145\366\176\337\213\241}{subsection.4.3}% 21
\BOOKMARK [2][-]{subsection.4.4}{\376\377\124\150\145\366\160\355\122\233\176\337\213\241}{section.4}% 22
\BOOKMARK [2][-]{subsection.4.5}{\376\377\232\330\230\221\213\315\176\337\213\241}{section.4}% 23
\BOOKMARK [2][-]{subsection.4.6}{\376\377\000L\000D\000A\116\073\230\230\122\006\147\220}{section.4}% 24
\BOOKMARK [1][-]{section.5}{\376\377\140\073\176\323\134\125\147\033}{}% 25
